<?xml version="1.0" encoding="UTF-8"?>
<!-- Generated by org.testng.reporters.JUnitReportReporter -->
<testsuite hostname="CHARANS-PC" name="TestQuestionNo1" tests="3" failures="0" timestamp="22 Sep 2019 19:33:21 GMT" time="0.094" errors="0">
  <testcase name="test" time="0.000" classname="TestQuestionNo1"/>
  <testcase name="test" time="0.000" classname="TestQuestionNo1"/>
  <testcase name="test" time="0.094" classname="TestQuestionNo1"/>
</testsuite> <!-- TestQuestionNo1 -->
